<?xml version="1.0" encoding="UTF-8"?>
<!-- Generated by org.testng.reporters.JUnitReportReporter -->
<testsuite hostname="LPTIN-DG12GG3" failures="0" tests="1" name="runner.SauceLabsApp" time="8.104" errors="0" timestamp="2024-01-16T16:41:25 IST" skipped="0">
  <testcase classname="runner.SauceLabsApp" name="runScenario" time="8.104"/>
  <system-out/>
</testsuite> <!-- runner.SauceLabsApp -->
